Build started 5/13/2016 4:18:31 AM.
     1>Project "c:\Users\NATALYA\documents\visual studio 2015\Projects\Script\Script\Script.vcxproj" on node 2 (Build target(s)).
     1>ClCompile:
         D:\Новая папка\VC\bin\CL.exe /c /ZI /nologo /W3 /WX- /Od /Oy- /D WIN32 /D _DEBUG /D _CONSOLE /D _UNICODE /D UNICODE /Gm /EHsc /RTC1 /MDd /GS /fp:precise /Zc:wchar_t /Zc:forScope /Zc:inline /Fo"Debug\\" /Fd"Debug\vc140.pdb" /Gd /TP /analyze- /errorReport:prompt Main.cpp var.cpp
         Main.cpp
     1>d:\новая папка\vc\include\xutility(3630): warning C4566: character represented by universal-character-name '\u043D' cannot be represented in the current code page (1252)
     1>d:\новая папка\vc\include\xutility(3630): warning C4566: character represented by universal-character-name '\u043E' cannot be represented in the current code page (1252)
     1>d:\новая папка\vc\include\xutility(3630): warning C4566: character represented by universal-character-name '\u0432' cannot be represented in the current code page (1252)
     1>d:\новая папка\vc\include\xutility(3630): warning C4566: character represented by universal-character-name '\u0430' cannot be represented in the current code page (1252)
     1>d:\новая папка\vc\include\xutility(3630): warning C4566: character represented by universal-character-name '\u044F' cannot be represented in the current code page (1252)
     1>d:\новая папка\vc\include\xutility(3630): warning C4566: character represented by universal-character-name '\u043F' cannot be represented in the current code page (1252)
     1>d:\новая папка\vc\include\xutility(3630): warning C4566: character represented by universal-character-name '\u043A' cannot be represented in the current code page (1252)
     1>d:\новая папка\vc\include\xlocale(74): warning C4566: character represented by universal-character-name '\u043D' cannot be represented in the current code page (1252)
     1>d:\новая папка\vc\include\xlocale(74): warning C4566: character represented by universal-character-name '\u043E' cannot be represented in the current code page (1252)
     1>d:\новая папка\vc\include\xlocale(74): warning C4566: character represented by universal-character-name '\u0432' cannot be represented in the current code page (1252)
     1>d:\новая папка\vc\include\xlocale(74): warning C4566: character represented by universal-character-name '\u0430' cannot be represented in the current code page (1252)
     1>d:\новая папка\vc\include\xlocale(74): warning C4566: character represented by universal-character-name '\u044F' cannot be represented in the current code page (1252)
     1>d:\новая папка\vc\include\xlocale(74): warning C4566: character represented by universal-character-name '\u043F' cannot be represented in the current code page (1252)
     1>d:\новая папка\vc\include\xlocale(74): warning C4566: character represented by universal-character-name '\u043A' cannot be represented in the current code page (1252)
     1>d:\новая папка\vc\include\xlocale(723): warning C4566: character represented by universal-character-name '\u043D' cannot be represented in the current code page (1252)
     1>d:\новая папка\vc\include\xlocale(723): warning C4566: character represented by universal-character-name '\u043E' cannot be represented in the current code page (1252)
     1>d:\новая папка\vc\include\xlocale(723): warning C4566: character represented by universal-character-name '\u0432' cannot be represented in the current code page (1252)
     1>d:\новая папка\vc\include\xlocale(723): warning C4566: character represented by universal-character-name '\u0430' cannot be represented in the current code page (1252)
     1>d:\новая папка\vc\include\xlocale(723): warning C4566: character represented by universal-character-name '\u044F' cannot be represented in the current code page (1252)
     1>d:\новая папка\vc\include\xlocale(723): warning C4566: character represented by universal-character-name '\u043F' cannot be represented in the current code page (1252)
     1>d:\новая папка\vc\include\xlocale(723): warning C4566: character represented by universal-character-name '\u043A' cannot be represented in the current code page (1252)
     1>d:\новая папка\vc\include\xlocale(756): warning C4566: character represented by universal-character-name '\u043D' cannot be represented in the current code page (1252)
     1>d:\новая папка\vc\include\xlocale(756): warning C4566: character represented by universal-character-name '\u043E' cannot be represented in the current code page (1252)
     1>d:\новая папка\vc\include\xlocale(756): warning C4566: character represented by universal-character-name '\u0432' cannot be represented in the current code page (1252)
     1>d:\новая папка\vc\include\xlocale(756): warning C4566: character represented by universal-character-name '\u0430' cannot be represented in the current code page (1252)
     1>d:\новая папка\vc\include\xlocale(756): warning C4566: character represented by universal-character-name '\u044F' cannot be represented in the current code page (1252)
     1>d:\новая папка\vc\include\xlocale(756): warning C4566: character represented by universal-character-name '\u043F' cannot be represented in the current code page (1252)
     1>d:\новая папка\vc\include\xlocale(756): warning C4566: character represented by universal-character-name '\u043A' cannot be represented in the current code page (1252)
     1>d:\новая папка\vc\include\xlocale(796): warning C4566: character represented by universal-character-name '\u043D' cannot be represented in the current code page (1252)
     1>d:\новая папка\vc\include\xlocale(796): warning C4566: character represented by universal-character-name '\u043E' cannot be represented in the current code page (1252)
     1>d:\новая папка\vc\include\xlocale(796): warning C4566: character represented by universal-character-name '\u0432' cannot be represented in the current code page (1252)
     1>d:\новая папка\vc\include\xlocale(796): warning C4566: character represented by universal-character-name '\u0430' cannot be represented in the current code page (1252)
     1>d:\новая папка\vc\include\xlocale(796): warning C4566: character represented by universal-character-name '\u044F' cannot be represented in the current code page (1252)
     1>d:\новая папка\vc\include\xlocale(796): warning C4566: character represented by universal-character-name '\u043F' cannot be represented in the current code page (1252)
     1>d:\новая папка\vc\include\xlocale(796): warning C4566: character represented by universal-character-name '\u043A' cannot be represented in the current code page (1252)
     1>d:\новая папка\vc\include\xlocnum(67): warning C4566: character represented by universal-character-name '\u043D' cannot be represented in the current code page (1252)
     1>d:\новая папка\vc\include\xlocnum(67): warning C4566: character represented by universal-character-name '\u043E' cannot be represented in the current code page (1252)
     1>d:\новая папка\vc\include\xlocnum(67): warning C4566: character represented by universal-character-name '\u0432' cannot be represented in the current code page (1252)
     1>d:\новая папка\vc\include\xlocnum(67): warning C4566: character represented by universal-character-name '\u0430' cannot be represented in the current code page (1252)
     1>d:\новая папка\vc\include\xlocnum(67): warning C4566: character represented by universal-character-name '\u044F' cannot be represented in the current code page (1252)
     1>d:\новая папка\vc\include\xlocnum(67): warning C4566: character represented by universal-character-name '\u043F' cannot be represented in the current code page (1252)
     1>d:\новая папка\vc\include\xlocnum(67): warning C4566: character represented by universal-character-name '\u043A' cannot be represented in the current code page (1252)
     1>c:\users\natalya\documents\visual studio 2015\projects\script\script\var.h(42): error C2804: binary 'operator +' has too many parameters
         Generating Code...
         Compiling...
         var.cpp
     1>d:\новая папка\vc\include\xutility(3630): warning C4566: character represented by universal-character-name '\u043D' cannot be represented in the current code page (1252)
     1>d:\новая папка\vc\include\xutility(3630): warning C4566: character represented by universal-character-name '\u043E' cannot be represented in the current code page (1252)
     1>d:\новая папка\vc\include\xutility(3630): warning C4566: character represented by universal-character-name '\u0432' cannot be represented in the current code page (1252)
     1>d:\новая папка\vc\include\xutility(3630): warning C4566: character represented by universal-character-name '\u0430' cannot be represented in the current code page (1252)
     1>d:\новая папка\vc\include\xutility(3630): warning C4566: character represented by universal-character-name '\u044F' cannot be represented in the current code page (1252)
     1>d:\новая папка\vc\include\xutility(3630): warning C4566: character represented by universal-character-name '\u043F' cannot be represented in the current code page (1252)
     1>d:\новая папка\vc\include\xutility(3630): warning C4566: character represented by universal-character-name '\u043A' cannot be represented in the current code page (1252)
     1>d:\новая папка\vc\include\xlocale(74): warning C4566: character represented by universal-character-name '\u043D' cannot be represented in the current code page (1252)
     1>d:\новая папка\vc\include\xlocale(74): warning C4566: character represented by universal-character-name '\u043E' cannot be represented in the current code page (1252)
     1>d:\новая папка\vc\include\xlocale(74): warning C4566: character represented by universal-character-name '\u0432' cannot be represented in the current code page (1252)
     1>d:\новая папка\vc\include\xlocale(74): warning C4566: character represented by universal-character-name '\u0430' cannot be represented in the current code page (1252)
     1>d:\новая папка\vc\include\xlocale(74): warning C4566: character represented by universal-character-name '\u044F' cannot be represented in the current code page (1252)
     1>d:\новая папка\vc\include\xlocale(74): warning C4566: character represented by universal-character-name '\u043F' cannot be represented in the current code page (1252)
     1>d:\новая папка\vc\include\xlocale(74): warning C4566: character represented by universal-character-name '\u043A' cannot be represented in the current code page (1252)
     1>d:\новая папка\vc\include\xlocale(723): warning C4566: character represented by universal-character-name '\u043D' cannot be represented in the current code page (1252)
     1>d:\новая папка\vc\include\xlocale(723): warning C4566: character represented by universal-character-name '\u043E' cannot be represented in the current code page (1252)
     1>d:\новая папка\vc\include\xlocale(723): warning C4566: character represented by universal-character-name '\u0432' cannot be represented in the current code page (1252)
     1>d:\новая папка\vc\include\xlocale(723): warning C4566: character represented by universal-character-name '\u0430' cannot be represented in the current code page (1252)
     1>d:\новая папка\vc\include\xlocale(723): warning C4566: character represented by universal-character-name '\u044F' cannot be represented in the current code page (1252)
     1>d:\новая папка\vc\include\xlocale(723): warning C4566: character represented by universal-character-name '\u043F' cannot be represented in the current code page (1252)
     1>d:\новая папка\vc\include\xlocale(723): warning C4566: character represented by universal-character-name '\u043A' cannot be represented in the current code page (1252)
     1>d:\новая папка\vc\include\xlocale(756): warning C4566: character represented by universal-character-name '\u043D' cannot be represented in the current code page (1252)
     1>d:\новая папка\vc\include\xlocale(756): warning C4566: character represented by universal-character-name '\u043E' cannot be represented in the current code page (1252)
     1>d:\новая папка\vc\include\xlocale(756): warning C4566: character represented by universal-character-name '\u0432' cannot be represented in the current code page (1252)
     1>d:\новая папка\vc\include\xlocale(756): warning C4566: character represented by universal-character-name '\u0430' cannot be represented in the current code page (1252)
     1>d:\новая папка\vc\include\xlocale(756): warning C4566: character represented by universal-character-name '\u044F' cannot be represented in the current code page (1252)
     1>d:\новая папка\vc\include\xlocale(756): warning C4566: character represented by universal-character-name '\u043F' cannot be represented in the current code page (1252)
     1>d:\новая папка\vc\include\xlocale(756): warning C4566: character represented by universal-character-name '\u043A' cannot be represented in the current code page (1252)
     1>d:\новая папка\vc\include\xlocale(796): warning C4566: character represented by universal-character-name '\u043D' cannot be represented in the current code page (1252)
     1>d:\новая папка\vc\include\xlocale(796): warning C4566: character represented by universal-character-name '\u043E' cannot be represented in the current code page (1252)
     1>d:\новая папка\vc\include\xlocale(796): warning C4566: character represented by universal-character-name '\u0432' cannot be represented in the current code page (1252)
     1>d:\новая папка\vc\include\xlocale(796): warning C4566: character represented by universal-character-name '\u0430' cannot be represented in the current code page (1252)
     1>d:\новая папка\vc\include\xlocale(796): warning C4566: character represented by universal-character-name '\u044F' cannot be represented in the current code page (1252)
     1>d:\новая папка\vc\include\xlocale(796): warning C4566: character represented by universal-character-name '\u043F' cannot be represented in the current code page (1252)
     1>d:\новая папка\vc\include\xlocale(796): warning C4566: character represented by universal-character-name '\u043A' cannot be represented in the current code page (1252)
     1>d:\новая папка\vc\include\xlocnum(67): warning C4566: character represented by universal-character-name '\u043D' cannot be represented in the current code page (1252)
     1>d:\новая папка\vc\include\xlocnum(67): warning C4566: character represented by universal-character-name '\u043E' cannot be represented in the current code page (1252)
     1>d:\новая папка\vc\include\xlocnum(67): warning C4566: character represented by universal-character-name '\u0432' cannot be represented in the current code page (1252)
     1>d:\новая папка\vc\include\xlocnum(67): warning C4566: character represented by universal-character-name '\u0430' cannot be represented in the current code page (1252)
     1>d:\новая папка\vc\include\xlocnum(67): warning C4566: character represented by universal-character-name '\u044F' cannot be represented in the current code page (1252)
     1>d:\новая папка\vc\include\xlocnum(67): warning C4566: character represented by universal-character-name '\u043F' cannot be represented in the current code page (1252)
     1>d:\новая папка\vc\include\xlocnum(67): warning C4566: character represented by universal-character-name '\u043A' cannot be represented in the current code page (1252)
     1>c:\users\natalya\documents\visual studio 2015\projects\script\script\var.h(42): error C2804: binary 'operator +' has too many parameters
         Generating Code...
     1>Done Building Project "c:\Users\NATALYA\documents\visual studio 2015\Projects\Script\Script\Script.vcxproj" (Build target(s)) -- FAILED.

Build FAILED.

Time Elapsed 00:00:03.43
