Build started 5/14/2016 2:43:05 AM.
     1>Project "C:\Users\NATALYA\documents\visual studio 2015\Projects\Script\Script\Script.vcxproj" on node 2 (Build target(s)).
     1>ClCompile:
         D:\Новая папка\VC\bin\x86_amd64\CL.exe /c /ZI /nologo /W3 /WX- /Od /D _DEBUG /D _CONSOLE /D _UNICODE /D UNICODE /Gm /EHsc /RTC1 /MDd /GS /fp:precise /Zc:wchar_t /Zc:forScope /Zc:inline /Fo"x64\Debug\\" /Fd"x64\Debug\vc140.pdb" /Gd /TP /errorReport:prompt Main.cpp
         Main.cpp
     1>d:\новая папка\vc\include\xutility(3630): warning C4566: character represented by universal-character-name '\u043D' cannot be represented in the current code page (1252)
     1>d:\новая папка\vc\include\xutility(3630): warning C4566: character represented by universal-character-name '\u043E' cannot be represented in the current code page (1252)
     1>d:\новая папка\vc\include\xutility(3630): warning C4566: character represented by universal-character-name '\u0432' cannot be represented in the current code page (1252)
     1>d:\новая папка\vc\include\xutility(3630): warning C4566: character represented by universal-character-name '\u0430' cannot be represented in the current code page (1252)
     1>d:\новая папка\vc\include\xutility(3630): warning C4566: character represented by universal-character-name '\u044F' cannot be represented in the current code page (1252)
     1>d:\новая папка\vc\include\xutility(3630): warning C4566: character represented by universal-character-name '\u043F' cannot be represented in the current code page (1252)
     1>d:\новая папка\vc\include\xutility(3630): warning C4566: character represented by universal-character-name '\u043A' cannot be represented in the current code page (1252)
     1>d:\новая папка\vc\include\xlocale(74): warning C4566: character represented by universal-character-name '\u043D' cannot be represented in the current code page (1252)
     1>d:\новая папка\vc\include\xlocale(74): warning C4566: character represented by universal-character-name '\u043E' cannot be represented in the current code page (1252)
     1>d:\новая папка\vc\include\xlocale(74): warning C4566: character represented by universal-character-name '\u0432' cannot be represented in the current code page (1252)
     1>d:\новая папка\vc\include\xlocale(74): warning C4566: character represented by universal-character-name '\u0430' cannot be represented in the current code page (1252)
     1>d:\новая папка\vc\include\xlocale(74): warning C4566: character represented by universal-character-name '\u044F' cannot be represented in the current code page (1252)
     1>d:\новая папка\vc\include\xlocale(74): warning C4566: character represented by universal-character-name '\u043F' cannot be represented in the current code page (1252)
     1>d:\новая папка\vc\include\xlocale(74): warning C4566: character represented by universal-character-name '\u043A' cannot be represented in the current code page (1252)
     1>d:\новая папка\vc\include\xlocale(723): warning C4566: character represented by universal-character-name '\u043D' cannot be represented in the current code page (1252)
     1>d:\новая папка\vc\include\xlocale(723): warning C4566: character represented by universal-character-name '\u043E' cannot be represented in the current code page (1252)
     1>d:\новая папка\vc\include\xlocale(723): warning C4566: character represented by universal-character-name '\u0432' cannot be represented in the current code page (1252)
     1>d:\новая папка\vc\include\xlocale(723): warning C4566: character represented by universal-character-name '\u0430' cannot be represented in the current code page (1252)
     1>d:\новая папка\vc\include\xlocale(723): warning C4566: character represented by universal-character-name '\u044F' cannot be represented in the current code page (1252)
     1>d:\новая папка\vc\include\xlocale(723): warning C4566: character represented by universal-character-name '\u043F' cannot be represented in the current code page (1252)
     1>d:\новая папка\vc\include\xlocale(723): warning C4566: character represented by universal-character-name '\u043A' cannot be represented in the current code page (1252)
     1>d:\новая папка\vc\include\xlocale(756): warning C4566: character represented by universal-character-name '\u043D' cannot be represented in the current code page (1252)
     1>d:\новая папка\vc\include\xlocale(756): warning C4566: character represented by universal-character-name '\u043E' cannot be represented in the current code page (1252)
     1>d:\новая папка\vc\include\xlocale(756): warning C4566: character represented by universal-character-name '\u0432' cannot be represented in the current code page (1252)
     1>d:\новая папка\vc\include\xlocale(756): warning C4566: character represented by universal-character-name '\u0430' cannot be represented in the current code page (1252)
     1>d:\новая папка\vc\include\xlocale(756): warning C4566: character represented by universal-character-name '\u044F' cannot be represented in the current code page (1252)
     1>d:\новая папка\vc\include\xlocale(756): warning C4566: character represented by universal-character-name '\u043F' cannot be represented in the current code page (1252)
     1>d:\новая папка\vc\include\xlocale(756): warning C4566: character represented by universal-character-name '\u043A' cannot be represented in the current code page (1252)
     1>d:\новая папка\vc\include\xlocale(796): warning C4566: character represented by universal-character-name '\u043D' cannot be represented in the current code page (1252)
     1>d:\новая папка\vc\include\xlocale(796): warning C4566: character represented by universal-character-name '\u043E' cannot be represented in the current code page (1252)
     1>d:\новая папка\vc\include\xlocale(796): warning C4566: character represented by universal-character-name '\u0432' cannot be represented in the current code page (1252)
     1>d:\новая папка\vc\include\xlocale(796): warning C4566: character represented by universal-character-name '\u0430' cannot be represented in the current code page (1252)
     1>d:\новая папка\vc\include\xlocale(796): warning C4566: character represented by universal-character-name '\u044F' cannot be represented in the current code page (1252)
     1>d:\новая папка\vc\include\xlocale(796): warning C4566: character represented by universal-character-name '\u043F' cannot be represented in the current code page (1252)
     1>d:\новая папка\vc\include\xlocale(796): warning C4566: character represented by universal-character-name '\u043A' cannot be represented in the current code page (1252)
     1>d:\новая папка\vc\include\xlocnum(67): warning C4566: character represented by universal-character-name '\u043D' cannot be represented in the current code page (1252)
     1>d:\новая папка\vc\include\xlocnum(67): warning C4566: character represented by universal-character-name '\u043E' cannot be represented in the current code page (1252)
     1>d:\новая папка\vc\include\xlocnum(67): warning C4566: character represented by universal-character-name '\u0432' cannot be represented in the current code page (1252)
     1>d:\новая папка\vc\include\xlocnum(67): warning C4566: character represented by universal-character-name '\u0430' cannot be represented in the current code page (1252)
     1>d:\новая папка\vc\include\xlocnum(67): warning C4566: character represented by universal-character-name '\u044F' cannot be represented in the current code page (1252)
     1>d:\новая папка\vc\include\xlocnum(67): warning C4566: character represented by universal-character-name '\u043F' cannot be represented in the current code page (1252)
     1>d:\новая папка\vc\include\xlocnum(67): warning C4566: character represented by universal-character-name '\u043A' cannot be represented in the current code page (1252)
       Link:
         D:\Новая папка\VC\bin\x86_amd64\link.exe /ERRORREPORT:PROMPT /OUT:"C:\Users\NATALYA\documents\visual studio 2015\Projects\Script\x64\Debug\Script.exe" /INCREMENTAL /NOLOGO kernel32.lib user32.lib gdi32.lib winspool.lib comdlg32.lib advapi32.lib shell32.lib ole32.lib oleaut32.lib uuid.lib odbc32.lib odbccp32.lib /MANIFEST /MANIFESTUAC:"level='asInvoker' uiAccess='false'" /manifest:embed /Debug /PDB:"C:\Users\NATALYA\documents\visual studio 2015\Projects\Script\x64\Debug\Script.pdb" /SUBSYSTEM:CONSOLE /TLBID:1 /DYNAMICBASE /NXCOMPAT /IMPLIB:"C:\Users\NATALYA\documents\visual studio 2015\Projects\Script\x64\Debug\Script.lib" /MACHINE:X64 x64\Debug\Main.obj
         x64\Debug\var.obj
         Script.vcxproj -> C:\Users\NATALYA\documents\visual studio 2015\Projects\Script\x64\Debug\Script.exe
     1>Done Building Project "C:\Users\NATALYA\documents\visual studio 2015\Projects\Script\Script\Script.vcxproj" (Build target(s)).

Build succeeded.

Time Elapsed 00:00:04.88
